<?xml version="1.0" encoding="UTF-8"?>
<!-- Generated by org.testng.reporters.JUnitXMLReporter -->
<testsuite hostname="Humeyras-MBP" ignored="0" name="Command line test" tests="2" failures="0" timestamp="14 Oct 2020 01:23:23 GMT" time="11.178" errors="0">
  <testcase name="verifyHomePageTitle" time="0.004" classname="com.qa.orangehrm.test.HomePageTest"/>
  <testcase name="verifyLoginPageTitle" time="0.003" classname="com.qa.orangehrm.test.LoginPageTest"/>
</testsuite> <!-- Command line test -->
