<?xml version="1.0" encoding="UTF-8"?>
<!-- Generated by org.testng.reporters.JUnitXMLReporter -->
<testsuite hostname="Humeyras-MBP" ignored="1" name="Orange HRM Regression Tests" tests="7" failures="0" timestamp="2020-10-14T21:26:16 EDT" time="37.585" errors="0">
  <testcase name="verifyLoginPageTitle" time="0.047" classname="com.qa.orangehrm.test.LoginPageTest"/>
  <testcase name="verifyForgetPassLink" time="0.107" classname="com.qa.orangehrm.test.LoginPageTest"/>
  <testcase name="LoginTest" time="1.956" classname="com.qa.orangehrm.test.LoginPageTest"/>
  <testcase name="verifyHomePageTitle" time="0.013" classname="com.qa.orangehrm.test.HomePageTest"/>
  <testcase name="verifyHeader" time="0.04" classname="com.qa.orangehrm.test.HomePageTest"/>
  <testcase name="verifyLoggedInUserAccount" time="0.022" classname="com.qa.orangehrm.test.HomePageTest"/>
  <testcase name="verifyAuthentication" time="0.014" classname="com.qa.orangehrm.test.HomePageTest"/>
  <testcase name="login_InvalidTestCase" time="0.0" classname="com.qa.orangehrm.test.LoginPageTest">
    <ignored/>
  </testcase> <!-- login_InvalidTestCase -->
</testsuite> <!-- Orange HRM Regression Tests -->
