<?xml version="1.0" encoding="UTF-8"?>
<!-- Generated by org.testng.reporters.JUnitXMLReporter -->
<testsuite hostname="Humeyras-MBP" ignored="6" name="Orange HRM Sanity Tests" tests="2" failures="0" timestamp="2020-10-08T11:56:59 EDT" time="6.756" errors="0">
  <testcase name="verifyLoggedInUserAccount" time="0.222" classname="com.qa.orangehrm.test.HomePageTest"/>
  <testcase name="verifyAuthentication" time="0.005" classname="com.qa.orangehrm.test.HomePageTest"/>
  <testcase name="verifyHomePageTitle" time="0.0" classname="com.qa.orangehrm.test.HomePageTest">
    <ignored/>
  </testcase> <!-- verifyHomePageTitle -->
  <testcase name="login_InvalidTestCase" time="0.0" classname="com.qa.orangehrm.test.LoginPageTest">
    <ignored/>
  </testcase> <!-- login_InvalidTestCase -->
  <testcase name="verifyLoginPageTitle" time="0.0" classname="com.qa.orangehrm.test.LoginPageTest">
    <ignored/>
  </testcase> <!-- verifyLoginPageTitle -->
  <testcase name="LoginTest" time="0.0" classname="com.qa.orangehrm.test.LoginPageTest">
    <ignored/>
  </testcase> <!-- LoginTest -->
  <testcase name="verifyHeader" time="0.0" classname="com.qa.orangehrm.test.HomePageTest">
    <ignored/>
  </testcase> <!-- verifyHeader -->
  <testcase name="verifyForgetPassLink" time="0.0" classname="com.qa.orangehrm.test.LoginPageTest">
    <ignored/>
  </testcase> <!-- verifyForgetPassLink -->
</testsuite> <!-- Orange HRM Sanity Tests -->
